{"C:\\Users\\mohamed\\OneDrive\\Desktop\\github_repos\\movieapi\\group-capstone\\src\\modules\\reservationsPopUp.js": {"path":"C:\\Users\\mohamed\\OneDrive\\Desktop\\github_repos\\movieapi\\group-capstone\\src\\modules\\reservationsPopUp.js","statementMap":{"0":{"start":{"line":1,"column":27},"end":{"line":1,"column":58}},"1":{"start":{"line":1,"column":42},"end":{"line":1,"column":58}},"2":{"start":{"line":2,"column":20},"end":{"line":17,"column":1}},"3":{"start":{"line":3,"column":14},"end":{"line":3,"column":20}},"4":{"start":{"line":4,"column":19},"end":{"line":15,"column":4}},"5":{"start":{"line":16,"column":2},"end":{"line":16,"column":25}},"6":{"start":{"line":37,"column":31},"end":{"line":56,"column":1}},"7":{"start":{"line":38,"column":23},"end":{"line":38,"column":67}},"8":{"start":{"line":39,"column":27},"end":{"line":39,"column":43}},"9":{"start":{"line":40,"column":28},"end":{"line":40,"column":64}},"10":{"start":{"line":41,"column":2},"end":{"line":47,"column":3}},"11":{"start":{"line":42,"column":4},"end":{"line":45,"column":6}},"12":{"start":{"line":46,"column":4},"end":{"line":46,"column":11}},"13":{"start":{"line":48,"column":2},"end":{"line":50,"column":4}},"14":{"start":{"line":51,"column":2},"end":{"line":55,"column":3}},"15":{"start":{"line":51,"column":15},"end":{"line":51,"column":16}},"16":{"start":{"line":52,"column":14},"end":{"line":52,"column":41}},"17":{"start":{"line":53,"column":4},"end":{"line":53,"column":126}},"18":{"start":{"line":54,"column":4},"end":{"line":54,"column":32}},"19":{"start":{"line":57,"column":22},"end":{"line":62,"column":1}},"20":{"start":{"line":58,"column":14},"end":{"line":58,"column":135}},"21":{"start":{"line":59,"column":19},"end":{"line":59,"column":35}},"22":{"start":{"line":60,"column":15},"end":{"line":60,"column":36}},"23":{"start":{"line":61,"column":2},"end":{"line":61,"column":31}},"24":{"start":{"line":63,"column":20},"end":{"line":117,"column":1}},"25":{"start":{"line":64,"column":19},"end":{"line":64,"column":55}},"26":{"start":{"line":65,"column":2},"end":{"line":99,"column":4}},"27":{"start":{"line":100,"column":2},"end":{"line":100,"column":25}},"28":{"start":{"line":101,"column":24},"end":{"line":101,"column":61}},"29":{"start":{"line":102,"column":2},"end":{"line":116,"column":5}},"30":{"start":{"line":103,"column":4},"end":{"line":103,"column":23}},"31":{"start":{"line":104,"column":17},"end":{"line":104,"column":59}},"32":{"start":{"line":105,"column":22},"end":{"line":105,"column":70}},"33":{"start":{"line":106,"column":20},"end":{"line":106,"column":66}},"34":{"start":{"line":107,"column":28},"end":{"line":112,"column":5}},"35":{"start":{"line":113,"column":16},"end":{"line":113,"column":124}},"36":{"start":{"line":114,"column":4},"end":{"line":114,"column":44}},"37":{"start":{"line":115,"column":4},"end":{"line":115,"column":27}},"38":{"start":{"line":118,"column":20},"end":{"line":123,"column":1}},"39":{"start":{"line":119,"column":14},"end":{"line":119,"column":50}},"40":{"start":{"line":120,"column":19},"end":{"line":120,"column":35}},"41":{"start":{"line":121,"column":15},"end":{"line":121,"column":36}},"42":{"start":{"line":122,"column":2},"end":{"line":122,"column":20}},"43":{"start":{"line":124,"column":26},"end":{"line":146,"column":1}},"44":{"start":{"line":125,"column":16},"end":{"line":125,"column":49}},"45":{"start":{"line":126,"column":19},"end":{"line":126,"column":54}},"46":{"start":{"line":127,"column":2},"end":{"line":129,"column":3}},"47":{"start":{"line":127,"column":15},"end":{"line":127,"column":16}},"48":{"start":{"line":128,"column":4},"end":{"line":128,"column":40}},"49":{"start":{"line":130,"column":2},"end":{"line":130,"column":45}},"50":{"start":{"line":131,"column":2},"end":{"line":134,"column":8}},"51":{"start":{"line":135,"column":2},"end":{"line":135,"column":35}},"52":{"start":{"line":136,"column":2},"end":{"line":136,"column":18}},"53":{"start":{"line":137,"column":16},"end":{"line":137,"column":81}},"54":{"start":{"line":138,"column":2},"end":{"line":145,"column":5}},"55":{"start":{"line":139,"column":18},"end":{"line":139,"column":64}},"56":{"start":{"line":140,"column":21},"end":{"line":140,"column":82}},"57":{"start":{"line":141,"column":4},"end":{"line":143,"column":5}},"58":{"start":{"line":141,"column":17},"end":{"line":141,"column":18}},"59":{"start":{"line":142,"column":6},"end":{"line":142,"column":45}},"60":{"start":{"line":144,"column":4},"end":{"line":144,"column":19}}},"fnMap":{"0":{"name":"(anonymous_0)","decl":{"start":{"line":1,"column":27},"end":{"line":1,"column":28}},"loc":{"start":{"line":1,"column":42},"end":{"line":1,"column":58}},"line":1},"1":{"name":"(anonymous_1)","decl":{"start":{"line":2,"column":20},"end":{"line":2,"column":21}},"loc":{"start":{"line":2,"column":44},"end":{"line":17,"column":1}},"line":2},"2":{"name":"(anonymous_2)","decl":{"start":{"line":37,"column":31},"end":{"line":37,"column":32}},"loc":{"start":{"line":37,"column":41},"end":{"line":56,"column":1}},"line":37},"3":{"name":"(anonymous_3)","decl":{"start":{"line":57,"column":22},"end":{"line":57,"column":23}},"loc":{"start":{"line":57,"column":36},"end":{"line":62,"column":1}},"line":57},"4":{"name":"(anonymous_4)","decl":{"start":{"line":63,"column":20},"end":{"line":63,"column":21}},"loc":{"start":{"line":63,"column":30},"end":{"line":117,"column":1}},"line":63},"5":{"name":"(anonymous_5)","decl":{"start":{"line":102,"column":42},"end":{"line":102,"column":43}},"loc":{"start":{"line":102,"column":55},"end":{"line":116,"column":3}},"line":102},"6":{"name":"(anonymous_6)","decl":{"start":{"line":118,"column":20},"end":{"line":118,"column":21}},"loc":{"start":{"line":118,"column":34},"end":{"line":123,"column":1}},"line":118},"7":{"name":"(anonymous_7)","decl":{"start":{"line":124,"column":26},"end":{"line":124,"column":27}},"loc":{"start":{"line":124,"column":34},"end":{"line":146,"column":1}},"line":124},"8":{"name":"(anonymous_8)","decl":{"start":{"line":138,"column":34},"end":{"line":138,"column":35}},"loc":{"start":{"line":138,"column":40},"end":{"line":145,"column":3}},"line":138}},"branchMap":{"0":{"loc":{"start":{"line":41,"column":2},"end":{"line":47,"column":3}},"type":"if","locations":[{"start":{"line":41,"column":2},"end":{"line":47,"column":3}},{"start":{},"end":{}}],"line":41}},"s":{"0":1,"1":3,"2":1,"3":0,"4":0,"5":0,"6":1,"7":0,"8":0,"9":0,"10":0,"11":0,"12":0,"13":0,"14":0,"15":0,"16":0,"17":0,"18":0,"19":1,"20":0,"21":0,"22":0,"23":0,"24":1,"25":0,"26":0,"27":0,"28":0,"29":0,"30":0,"31":0,"32":0,"33":0,"34":0,"35":0,"36":0,"37":0,"38":1,"39":0,"40":0,"41":0,"42":0,"43":1,"44":0,"45":0,"46":0,"47":0,"48":0,"49":0,"50":0,"51":0,"52":0,"53":0,"54":0,"55":0,"56":0,"57":0,"58":0,"59":0,"60":0},"f":{"0":3,"1":0,"2":0,"3":0,"4":0,"5":0,"6":0,"7":0,"8":0},"b":{"0":[0,0]},"_coverageSchema":"1a1c01bbd47fc00a2c39e90264f33305004495a9","hash":"a1e6d61fc84985324f93c988063c88c2bdad5177"}
}
