TN:
SF:src\modules\reservationsPopUp.js
FN:1,(anonymous_0)
FN:2,(anonymous_1)
FN:37,(anonymous_2)
FN:57,(anonymous_3)
FN:63,(anonymous_4)
FN:102,(anonymous_5)
FN:118,(anonymous_6)
FN:124,(anonymous_7)
FN:138,(anonymous_8)
FNF:9
FNH:1
FNDA:3,(anonymous_0)
FNDA:0,(anonymous_1)
FNDA:0,(anonymous_2)
FNDA:0,(anonymous_3)
FNDA:0,(anonymous_4)
FNDA:0,(anonymous_5)
FNDA:0,(anonymous_6)
FNDA:0,(anonymous_7)
FNDA:0,(anonymous_8)
DA:1,3
DA:2,1
DA:3,0
DA:4,0
DA:16,0
DA:37,1
DA:38,0
DA:39,0
DA:40,0
DA:41,0
DA:42,0
DA:46,0
DA:48,0
DA:51,0
DA:52,0
DA:53,0
DA:54,0
DA:57,1
DA:58,0
DA:59,0
DA:60,0
DA:61,0
DA:63,1
DA:64,0
DA:65,0
DA:100,0
DA:101,0
DA:102,0
DA:103,0
DA:104,0
DA:105,0
DA:106,0
DA:107,0
DA:113,0
DA:114,0
DA:115,0
DA:118,1
DA:119,0
DA:120,0
DA:121,0
DA:122,0
DA:124,1
DA:125,0
DA:126,0
DA:127,0
DA:128,0
DA:130,0
DA:131,0
DA:135,0
DA:136,0
DA:137,0
DA:138,0
DA:139,0
DA:140,0
DA:141,0
DA:142,0
DA:144,0
LF:57
LH:7
BRDA:41,0,0,0
BRDA:41,0,1,0
BRF:2
BRH:0
end_of_record
